Гай Петроний влезе в системата
Гай Петроний влезе в системата
dddD влезе в системата
+65 влезе в системата
1 влезе в системата
Красимир влезе в системата
Красимир влезе в системата
Красимир: Мараба
Пробъ влезе в системата
Красимир влезе в системата
Красимир: Ехо
Пробъ влезе в системата
Пробъ влезе в системата
Пробъ влезе в системата
Пробъ: Той е Пробъ
Едвам влезе в системата
Красимир влезе в системата
Иван влезе в системата
Иван: Още един
Фидел Кастро влезе в системата
Предник влезе в системата
Тъпанар влезе в системата
Краско влезе в системата
Краско: Ехо
Праско влезе в системата
Праско влезе в системата
Праско: Проба
Краско: Едно
Красимир влезе в системата
Петър влезе в системата
Петър: Чат
Красимир: Отново чат
Петър: Мараба
Красимир: Това проработи!
Красимир влезе в системата
Иван влезе в системата
Иван: Ехо
Проба влезе в системата
Краско влезе в системата
Краско: Едно
Проба: Две
